1462011285.38: ('Starting daemon..',)
1462011345.41: ('Killing the server. Did not receive any response',)
1462011472.1: ('Either I could not find the user, or could not read the shadow file',)
1462011579.07: ('I could not find the user.',)
1462011614.87: ('I could not open the shadow file',)
1462011624.66: ('I could not find the user.',)
1462011704.92: ("I could not find the user 'adaptive_typocheck.py'.",)
1462011721.4: ("I could not find the user 'adaptive_typocheck.py'.",)
1462011782.16: ('I could not open the shadow file',)
1462011967.92: ('Authenricating rahul: True',)
1462012032.56: ('Starting daemon..',)
1462012037.56: ('Killing the server. Did not receive any response',)
1462012108.86: ('Starting daemon..',)
1462012113.87: ('Killing the server. Did not receive any response',)
1462012198.89: ('Starting daemon..',)
1462012203.89: ('Killing the server. Did not receive any response',)
1462012274.97: ('Starting daemon..',)
1462012279.98: ('Killing the server. Did not receive any response',)
1462012289.8: ('Starting daemon..',)
1462012294.8: ('Killing the server. Did not receive any response',)
1462012314.41: ('Starting daemon..',)
1462012319.42: ('Killing the server. Did not receive any response',)
1462012332.3: ('Starting daemon..',)
1462012337.3: ('Killing the server. Did not receive any response',)
1462012395.99: ('Starting daemon..',)
1462012396.0: ('Killing the server. Did not receive any response',)
1462012390.41: ('Starting daemon..',)
1462012490.48: ('Killing the server. Did not receive any response',)
1462012501.46: ('Starting daemon..',)
1462012506.2: ('Received data: {"password": "arparchina", "user": "rahul"}',)
1462012506.2: ({u'password': u'arparchina', u'user': u'rahul'},)
1462012506.2: ('I could not open the shadow file',)
1462012506.2: ('Returning b',)
1462012507.51: ('Received data: {"password": "arparchina", "user": "rahul"}',)
1462012507.51: ({u'password': u'arparchina', u'user': u'rahul'},)
1462012507.51: ('I could not open the shadow file',)
1462012507.51: ('Returning b',)
1462012540.25: ('Killing the server. Did not receive any response',)
